src/app/actions/commandActions.ts(65,28): error TS2339: Property 'avatar_url' does not exist on type 'never'.
src/app/actions/guestCreditActions.ts(138,66): error TS2345: Argument of type 'number | null' is not assignable to parameter of type 'number'.
  Type 'null' is not assignable to type 'number'.
src/app/actions/guestProfileActions.ts(31,11): error TS2339: Property 'status' does not exist on type 'SelectQueryError<"column 'guest_id' does not exist on 'public_registrations'.">'.
src/app/actions/guestProfileActions.ts(67,19): error TS2339: Property 'event_id' does not exist on type 'SelectQueryError<"column 'guest_id' does not exist on 'public_registrations'.">'.
src/app/actions/guestProfileActions.ts(71,42): error TS2769: No overload matches this call.
  Overload 1 of 2, '(values: { body: string; created_at?: string | undefined; dismissed?: boolean | undefined; event_id?: string | null | undefined; id?: string | undefined; metadata?: Json | undefined; read?: boolean | undefined; title: string; type: "guest_signup" | ... 5 more ... | "event_ended"; user_id: string; }, options?: { ...; } | undefined): PostgrestFilterBuilder<...>', gave the following error.
    Type '"payment_submitted"' is not assignable to type '"guest_signup" | "guest_cancellation" | "entry_scan" | "exit_scan" | "vendor_payment_due" | "event_going_live" | "event_ended"'.
  Overload 2 of 2, '(values: { body: string; created_at?: string | undefined; dismissed?: boolean | undefined; event_id?: string | null | undefined; id?: string | undefined; metadata?: Json | undefined; read?: boolean | undefined; title: string; type: "guest_signup" | ... 5 more ... | "event_ended"; user_id: string; }[], options?: { ...; } | undefined): PostgrestFilterBuilder<...>', gave the following error.
    Object literal may only specify known properties, and 'user_id' does not exist in type '{ body: string; created_at?: string | undefined; dismissed?: boolean | undefined; event_id?: string | null | undefined; id?: string | undefined; metadata?: Json | undefined; read?: boolean | undefined; title: string; type: "guest_signup" | ... 5 more ... | "event_ended"; user_id: string; }[]'.
src/app/actions/guestProfileActions.ts(76,62): error TS2339: Property 'event_id' does not exist on type 'SelectQueryError<"column 'guest_id' does not exist on 'public_registrations'.">'.
src/app/actions/guestProfileActions.ts(198,5): error TS2322: Type 'null' is not assignable to type 'string | undefined'.
src/app/coming-soon/ComingSoonClient.tsx(37,11): error TS18047: 'canvas' is possibly 'null'.
src/app/coming-soon/ComingSoonClient.tsx(38,11): error TS18047: 'canvas' is possibly 'null'.
src/app/coming-soon/ComingSoonClient.tsx(58,7): error TS18047: 'ctx' is possibly 'null'.
src/app/coming-soon/ComingSoonClient.tsx(67,9): error TS18047: 'ctx' is possibly 'null'.
src/app/coming-soon/ComingSoonClient.tsx(68,9): error TS18047: 'ctx' is possibly 'null'.
src/app/coming-soon/ComingSoonClient.tsx(69,9): error TS18047: 'ctx' is possibly 'null'.
src/app/coming-soon/ComingSoonClient.tsx(70,9): error TS18047: 'ctx' is possibly 'null'.
src/app/coming-soon/ComingSoonClient.tsx(80,13): error TS18047: 'ctx' is possibly 'null'.
src/app/coming-soon/ComingSoonClient.tsx(81,13): error TS18047: 'ctx' is possibly 'null'.
src/app/coming-soon/ComingSoonClient.tsx(82,13): error TS18047: 'ctx' is possibly 'null'.
src/app/coming-soon/ComingSoonClient.tsx(83,13): error TS18047: 'ctx' is possibly 'null'.
src/app/coming-soon/ComingSoonClient.tsx(84,13): error TS18047: 'ctx' is possibly 'null'.
src/app/coming-soon/ComingSoonClient.tsx(85,13): error TS18047: 'ctx' is possibly 'null'.
src/app/dashboard/analytics/page.tsx(34,7): error TS2322: Type '{ id: string; title: string; capacity: number; status: string; date_start: string; ticket_price: number | null; budget: number | null; }[]' is not assignable to type 'Event[]'.
  Type '{ id: string; title: string; capacity: number; status: string; date_start: string; ticket_price: number | null; budget: number | null; }' is not assignable to type 'Event'.
    Types of property 'ticket_price' are incompatible.
      Type 'number | null' is not assignable to type 'number'.
        Type 'null' is not assignable to type 'number'.
src/app/dashboard/analytics/page.tsx(36,7): error TS2322: Type '{ event_id: string; scan_type: string; scanned_at: string | null; }[]' is not assignable to type 'ScanLog[]'.
  Type '{ event_id: string; scan_type: string; scanned_at: string | null; }' is not assignable to type 'ScanLog'.
    Types of property 'scanned_at' are incompatible.
      Type 'string | null' is not assignable to type 'string'.
        Type 'null' is not assignable to type 'string'.
src/app/dashboard/approvals/page.tsx(25,7): error TS2322: Type '{ created_at: string | null; email: string; event_id: string; full_name: string; gender: string | null; id: string; notes: string | null; payment_screenshot_url: string | null; payment_status: string | null; ... 6 more ...; ticket_days: string[] | null; }[]' is not assignable to type 'Registration[]'.
  Type '{ created_at: string | null; email: string; event_id: string; full_name: string; gender: string | null; id: string; notes: string | null; payment_screenshot_url: string | null; payment_status: string | null; ... 6 more ...; ticket_days: string[] | null; }' is missing the following properties from type 'Registration': id_document_url, reference_code_entered
src/app/dashboard/approvals/page.tsx(26,7): error TS2322: Type '{ id: string; title: string; registration_mode: string | null; require_id_verification: boolean | null; require_reference_code: boolean | null; reference_code: string | null; }[]' is not assignable to type 'Event[]'.
  Type '{ id: string; title: string; registration_mode: string | null; require_id_verification: boolean | null; require_reference_code: boolean | null; reference_code: string | null; }' is not assignable to type 'Event'.
    Types of property 'registration_mode' are incompatible.
      Type 'string | null' is not assignable to type 'string'.
        Type 'null' is not assignable to type 'string'.
src/app/dashboard/events/[id]/page.tsx(212,13): error TS2322: Type '{ created_at: string | null; discount_type: string | null; discount_value: number | null; event_id: string; id: string; is_vip: boolean | null; name: string; original_price: number | null; price: number | null; quantity: number; quantity_sold: number | null; }[]' is not assignable to type 'TicketType[]'.
  Type '{ created_at: string | null; discount_type: string | null; discount_value: number | null; event_id: string; id: string; is_vip: boolean | null; name: string; original_price: number | null; price: number | null; quantity: number; quantity_sold: number | null; }' is not assignable to type 'TicketType'.
    Types of property 'price' are incompatible.
      Type 'number | null' is not assignable to type 'number'.
        Type 'null' is not assignable to type 'number'.
src/app/dashboard/events/[id]/page.tsx(216,13): error TS2322: Type '{ account_number: string; account_title: string; account_type: string; bank_name: string | null; created_at: string | null; iban: string | null; id: string; instructions: string | null; is_active: boolean; label: string; organizer_id: string; }[]' is not assignable to type 'PaymentAccount[]'.
  Property 'is_default' is missing in type '{ account_number: string; account_title: string; account_type: string; bank_name: string | null; created_at: string | null; iban: string | null; id: string; instructions: string | null; is_active: boolean; label: string; organizer_id: string; }' but required in type 'PaymentAccount'.
src/app/dashboard/events/new/page.tsx(110,26): error TS2345: Argument of type '{ account_number: string; account_title: string; account_type: string; bank_name: string | null; created_at: string | null; iban: string | null; id: string; instructions: string | null; is_active: boolean; label: string; organizer_id: string; }[]' is not assignable to parameter of type 'SetStateAction<PaymentAccount[]>'.
  Type '{ account_number: string; account_title: string; account_type: string; bank_name: string | null; created_at: string | null; iban: string | null; id: string; instructions: string | null; is_active: boolean; label: string; organizer_id: string; }[]' is not assignable to type 'PaymentAccount[]'.
    Property 'is_default' is missing in type '{ account_number: string; account_title: string; account_type: string; bank_name: string | null; created_at: string | null; iban: string | null; id: string; instructions: string | null; is_active: boolean; label: string; organizer_id: string; }' but required in type 'PaymentAccount'.
src/app/dashboard/events/new/page.tsx(149,8): error TS2769: No overload matches this call.
  Overload 1 of 2, '(values: { budget?: number | null | undefined; capacity?: number | undefined; category_id?: string | null | undefined; cover_image_url?: string | null | undefined; created_at?: string | null | undefined; ... 25 more ...; venue_secret?: boolean | ... 1 more ... | undefined; }, options?: { ...; } | undefined): PostgrestFilterBuilder<...>', gave the following error.
    Type 'string | null' is not assignable to type 'string'.
      Type 'null' is not assignable to type 'string'.
  Overload 2 of 2, '(values: { budget?: number | null | undefined; capacity?: number | undefined; category_id?: string | null | undefined; cover_image_url?: string | null | undefined; created_at?: string | null | undefined; ... 25 more ...; venue_secret?: boolean | ... 1 more ... | undefined; }[], options?: { ...; } | undefined): PostgrestFilterBuilder<...>', gave the following error.
    Object literal may only specify known properties, and 'organizer_id' does not exist in type '{ budget?: number | null | undefined; capacity?: number | undefined; category_id?: string | null | undefined; cover_image_url?: string | null | undefined; created_at?: string | null | undefined; ... 25 more ...; venue_secret?: boolean | ... 1 more ... | undefined; }[]'.
src/app/dashboard/events/new/page.tsx(233,78): error TS2769: No overload matches this call.
  Overload 1 of 2, '(values: { created_at?: string | null | undefined; discount_type?: string | null | undefined; discount_value?: number | null | undefined; event_id: string; id?: string | undefined; is_vip?: boolean | ... 1 more ... | undefined; ... 4 more ...; quantity_sold?: number | ... 1 more ... | undefined; }, options?: { ...; } | undefined): PostgrestFilterBuilder<...>', gave the following error.
    Argument of type 'object[]' is not assignable to parameter of type '{ created_at?: string | null | undefined; discount_type?: string | null | undefined; discount_value?: number | null | undefined; event_id: string; id?: string | undefined; is_vip?: boolean | null | undefined; ... 4 more ...; quantity_sold?: number | ... 1 more ... | undefined; }'.
      Type 'object[]' is missing the following properties from type '{ created_at?: string | null | undefined; discount_type?: string | null | undefined; discount_value?: number | null | undefined; event_id: string; id?: string | undefined; is_vip?: boolean | null | undefined; ... 4 more ...; quantity_sold?: number | ... 1 more ... | undefined; }': event_id, name, quantity
  Overload 2 of 2, '(values: { created_at?: string | null | undefined; discount_type?: string | null | undefined; discount_value?: number | null | undefined; event_id: string; id?: string | undefined; is_vip?: boolean | ... 1 more ... | undefined; ... 4 more ...; quantity_sold?: number | ... 1 more ... | undefined; }[], options?: { ...; } | undefined): PostgrestFilterBuilder<...>', gave the following error.
    Argument of type 'object[]' is not assignable to parameter of type '{ created_at?: string | null | undefined; discount_type?: string | null | undefined; discount_value?: number | null | undefined; event_id: string; id?: string | undefined; is_vip?: boolean | null | undefined; ... 4 more ...; quantity_sold?: number | ... 1 more ... | undefined; }[]'.
      Type '{}' is missing the following properties from type '{ created_at?: string | null | undefined; discount_type?: string | null | undefined; discount_value?: number | null | undefined; event_id: string; id?: string | undefined; is_vip?: boolean | null | undefined; ... 4 more ...; quantity_sold?: number | ... 1 more ... | undefined; }': event_id, name, quantity
src/app/dashboard/settings/page.tsx(152,20): error TS2345: Argument of type '{ admin_status: string; avatar_url: string | null; company_name: string | null; cover_image_url: string | null; created_at: string | null; didit_verification_id: string | null; ... 12 more ...; username: string | null; }' is not assignable to parameter of type 'SetStateAction<Profile | null>'.
  Type '{ admin_status: string; avatar_url: string | null; company_name: string | null; cover_image_url: string | null; created_at: string | null; didit_verification_id: string | null; ... 12 more ...; username: string | null; }' is not assignable to type 'Profile'.
    Types of property 'notification_preferences' are incompatible.
      Type 'Json' is not assignable to type 'NotifPrefs | null'.
        Type 'string' is not assignable to type 'NotifPrefs'.
src/app/dashboard/settings/page.tsx(169,18): error TS2345: Argument of type '{ created_at: string; expires_at: string | null; id: string; label: string; organizer_id: string; revoked: boolean; role: string; token: string; }[]' is not assignable to parameter of type 'SetStateAction<TeamInvite[]>'.
  Type '{ created_at: string; expires_at: string | null; id: string; label: string; organizer_id: string; revoked: boolean; role: string; token: string; }[]' is not assignable to type 'TeamInvite[]'.
    Type '{ created_at: string; expires_at: string | null; id: string; label: string; organizer_id: string; revoked: boolean; role: string; token: string; }' is not assignable to type 'TeamInvite'.
      Types of property 'role' are incompatible.
        Type 'string' is not assignable to type '"organizer" | "staff"'.
src/app/dashboard/settings/page.tsx(285,18): error TS2345: Argument of type '(prev: TeamInvite[]) => ({ created_at: string; expires_at: string | null; id: string; label: string; organizer_id: string; revoked: boolean; role: string; token: string; } | TeamInvite)[]' is not assignable to parameter of type 'SetStateAction<TeamInvite[]>'.
  Type '(prev: TeamInvite[]) => ({ created_at: string; expires_at: string | null; id: string; label: string; organizer_id: string; revoked: boolean; role: string; token: string; } | TeamInvite)[]' is not assignable to type '(prevState: TeamInvite[]) => TeamInvite[]'.
    Type '({ created_at: string; expires_at: string | null; id: string; label: string; organizer_id: string; revoked: boolean; role: string; token: string; } | TeamInvite)[]' is not assignable to type 'TeamInvite[]'.
      Type '{ created_at: string; expires_at: string | null; id: string; label: string; organizer_id: string; revoked: boolean; role: string; token: string; } | TeamInvite' is not assignable to type 'TeamInvite'.
        Type '{ created_at: string; expires_at: string | null; id: string; label: string; organizer_id: string; revoked: boolean; role: string; token: string; }' is not assignable to type 'TeamInvite'.
          Types of property 'role' are incompatible.
            Type 'string' is not assignable to type '"organizer" | "staff"'.
src/app/dashboard/vendors/page.tsx(29,7): error TS2322: Type '{ category: string | null; contact_email: string | null; contact_name: string | null; contact_phone: string | null; created_at: string | null; event_ids: string[] | null; id: string; name: string; notes: string | null; organizer_id: string; }[]' is not assignable to type 'Vendor[]'.
  Type '{ category: string | null; contact_email: string | null; contact_name: string | null; contact_phone: string | null; created_at: string | null; event_ids: string[] | null; id: string; name: string; notes: string | null; organizer_id: string; }' is not assignable to type 'Vendor'.
    Types of property 'category' are incompatible.
      Type 'string | null' is not assignable to type 'string'.
        Type 'null' is not assignable to type 'string'.
src/app/dashboard/vendors/page.tsx(30,7): error TS2322: Type '{ amount: number; created_at: string | null; currency: string | null; description: string | null; document_url: string | null; due_date: string | null; event_id: string | null; id: string; invoice_number: string | null; paid_at: string | null; status: string; vendor_id: string; }[]' is not assignable to type 'Invoice[]'.
  Type '{ amount: number; created_at: string | null; currency: string | null; description: string | null; document_url: string | null; due_date: string | null; event_id: string | null; id: string; invoice_number: string | null; paid_at: string | null; status: string; vendor_id: string; }' is not assignable to type 'Invoice'.
    Types of property 'status' are incompatible.
      Type 'string' is not assignable to type '"pending" | "paid" | "cancelled" | "overdue"'.
src/app/guest/credits/page.tsx(28,7): error TS2322: Type '{ balance_after: number; created_at: string | null; event_id: string | null; guest_id: string; guest_record_id: string | null; id: string; note: string | null; points: number; type: string; event: { ...; } | null; }[]' is not assignable to type 'Transaction[]'.
  Type '{ balance_after: number; created_at: string | null; event_id: string | null; guest_id: string; guest_record_id: string | null; id: string; note: string | null; points: number; type: string; event: { ...; } | null; }' is missing the following properties from type 'Transaction': amount, reason
src/app/guest/events/page.tsx(18,26): error TS2322: Type '{ id: string; status: string | null; payment_status: string | null; created_at: string | null; payment_screenshot_url: string | null; event: { id: string; title: string; date_start: string; ... 5 more ...; registration_mode: string | null; }; }[]' is not assignable to type 'Registration[]'.
  Type '{ id: string; status: string | null; payment_status: string | null; created_at: string | null; payment_screenshot_url: string | null; event: { id: string; title: string; date_start: string; ... 5 more ...; registration_mode: string | null; }; }' is not assignable to type 'Registration'.
    Types of property 'status' are incompatible.
      Type 'string | null' is not assignable to type 'string'.
        Type 'null' is not assignable to type 'string'.
src/app/guest/explore/[id]/page.tsx(208,9): error TS2322: Type '{ id: string; status: string | null; payment_status: string | null; } | null' is not assignable to type 'ExistingReg'.
  Type '{ id: string; status: string | null; payment_status: string | null; }' is not assignable to type 'ExistingReg'.
    Types of property 'status' are incompatible.
      Type 'string | null' is not assignable to type 'string'.
        Type 'null' is not assignable to type 'string'.
src/app/guest/explore/page.tsx(72,7): error TS2322: Type '{ id: string; status: string | null; event: { id: string; slug: string | null; title: string; date_start: string; cover_image_url: string | null; venue_name: string | null; }; }[]' is not assignable to type 'MyEvent[]'.
  Type '{ id: string; status: string | null; event: { id: string; slug: string | null; title: string; date_start: string; cover_image_url: string | null; venue_name: string | null; }; }' is not assignable to type 'MyEvent'.
    Types of property 'status' are incompatible.
      Type 'string | null' is not assignable to type 'string'.
        Type 'null' is not assignable to type 'string'.
src/app/guest/notifications/page.tsx(20,36): error TS2322: Type '{ id: string; status: string | null; payment_status: string | null; reviewed_at: string | null; created_at: string | null; event: { id: string; title: string; cover_image_url: string | null; date_start: string; }; }[]' is not assignable to type 'Registration[]'.
  Type '{ id: string; status: string | null; payment_status: string | null; reviewed_at: string | null; created_at: string | null; event: { id: string; title: string; cover_image_url: string | null; date_start: string; }; }' is not assignable to type 'Registration'.
    Types of property 'status' are incompatible.
      Type 'string | null' is not assignable to type 'string'.
        Type 'null' is not assignable to type 'string'.
src/app/guest/passes/page.tsx(27,24): error TS2322: Type '{ cover_image_url: string | null; event_date: string; event_id: string; event_title: string; guest_id: string; guest_record_id: string | null; id: string; issued_at: string | null; pass_number: number | null; ... 4 more ...; event: { ...; }; }[]' is not assignable to type 'Pass[]'.
  Type '{ cover_image_url: string | null; event_date: string; event_id: string; event_title: string; guest_id: string; guest_record_id: string | null; id: string; issued_at: string | null; pass_number: number | null; ... 4 more ...; event: { ...; }; }' is missing the following properties from type 'Pass': pass_type, metadata
src/app/guest/profile/page.tsx(63,7): error TS2322: Type '{ balance_after: number; created_at: string | null; event_id: string | null; guest_id: string; guest_record_id: string | null; id: string; note: string | null; points: number; type: string; event: { ...; } | null; }[]' is not assignable to type 'Transaction[]'.
  Property 'amount' is missing in type '{ balance_after: number; created_at: string | null; event_id: string | null; guest_id: string; guest_record_id: string | null; id: string; note: string | null; points: number; type: string; event: { ...; } | null; }' but required in type 'Transaction'.
src/app/register/[eventId]/page.tsx(97,49): error TS2322: Type '{ id: string; name: string; price: number | null; original_price: number | null; discount_type: string | null; discount_value: number | null; quantity: number; quantity_sold: number | null; is_vip: boolean | null; }[]' is not assignable to type 'TicketType[]'.
  Type '{ id: string; name: string; price: number | null; original_price: number | null; discount_type: string | null; discount_value: number | null; quantity: number; quantity_sold: number | null; is_vip: boolean | null; }' is not assignable to type 'TicketType'.
    Types of property 'price' are incompatible.
      Type 'number | null' is not assignable to type 'number'.
        Type 'null' is not assignable to type 'number'.
src/components/dashboard/PaymentReviewPanel.tsx(61,22): error TS2345: Argument of type '{ event_id: string; guest_id: string | null; id: string; notes: string | null; payment_account_id: string | null; registration_id: string | null; reviewed_at: string | null; reviewed_by: string | null; ... 4 more ...; payment_account: { ...; } | null; }[]' is not assignable to parameter of type 'SetStateAction<Submission[]>'.
  Type '{ event_id: string; guest_id: string | null; id: string; notes: string | null; payment_account_id: string | null; registration_id: string | null; reviewed_at: string | null; reviewed_by: string | null; ... 4 more ...; payment_account: { ...; } | null; }[]' is not assignable to type 'Submission[]'.
    Type '{ event_id: string; guest_id: string | null; id: string; notes: string | null; payment_account_id: string | null; registration_id: string | null; reviewed_at: string | null; reviewed_by: string | null; ... 4 more ...; payment_account: { ...; } | null; }' is not assignable to type 'Submission'.
      Types of property 'registration_id' are incompatible.
        Type 'string | null' is not assignable to type 'string'.
          Type 'null' is not assignable to type 'string'.
src/components/events/EventsClient.tsx(104,7): error TS2322: Type 'string | null' is not assignable to type 'string | undefined'.
  Type 'null' is not assignable to type 'string | undefined'.
src/components/events/EventsClient.tsx(163,82): error TS2345: Argument of type 'Event' is not assignable to parameter of type 'StatusableEvent'.
  Types of property 'date_start' are incompatible.
    Type 'string | null' is not assignable to type 'string'.
      Type 'null' is not assignable to type 'string'.
src/components/events/EventsClient.tsx(164,82): error TS2345: Argument of type 'Event' is not assignable to parameter of type 'StatusableEvent'.
  Types of property 'date_start' are incompatible.
    Type 'string | null' is not assignable to type 'string'.
      Type 'null' is not assignable to type 'string'.
src/components/events/EventsClient.tsx(167,48): error TS2345: Argument of type 'Event' is not assignable to parameter of type 'StatusableEvent'.
  Types of property 'date_start' are incompatible.
    Type 'string | null' is not assignable to type 'string'.
      Type 'null' is not assignable to type 'string'.
src/components/events/EventTicketTypes.tsx(128,24): error TS2345: Argument of type '(prev: TicketType[]) => (TicketType | { created_at: string | null; discount_type: string | null; discount_value: number | null; event_id: string; id: string; ... 5 more ...; quantity_sold: number | null; })[]' is not assignable to parameter of type 'SetStateAction<TicketType[]>'.
  Type '(prev: TicketType[]) => (TicketType | { created_at: string | null; discount_type: string | null; discount_value: number | null; event_id: string; id: string; ... 5 more ...; quantity_sold: number | null; })[]' is not assignable to type '(prevState: TicketType[]) => TicketType[]'.
    Type '(TicketType | { created_at: string | null; discount_type: string | null; discount_value: number | null; event_id: string; id: string; is_vip: boolean | null; name: string; original_price: number | null; price: number | null; quantity: number; quantity_sold: number | null; })[]' is not assignable to type 'TicketType[]'.
      Type 'TicketType | { created_at: string | null; discount_type: string | null; discount_value: number | null; event_id: string; id: string; is_vip: boolean | null; name: string; original_price: number | null; price: number | null; quantity: number; quantity_sold: number | null; }' is not assignable to type 'TicketType'.
        Type '{ created_at: string | null; discount_type: string | null; discount_value: number | null; event_id: string; id: string; is_vip: boolean | null; name: string; original_price: number | null; price: number | null; quantity: number; quantity_sold: number | null; }' is not assignable to type 'TicketType'.
          Types of property 'price' are incompatible.
            Type 'number | null' is not assignable to type 'number'.
              Type 'null' is not assignable to type 'number'.
src/components/events/EventTicketTypes.tsx(167,15): error TS2769: No overload matches this call.
  Overload 1 of 2, '(values: { created_at?: string | null | undefined; discount_type?: string | null | undefined; discount_value?: number | null | undefined; event_id: string; id?: string | undefined; is_vip?: boolean | ... 1 more ... | undefined; ... 4 more ...; quantity_sold?: number | ... 1 more ... | undefined; }, options?: { ...; } | undefined): PostgrestFilterBuilder<...>', gave the following error.
    Argument of type 'Record<string, unknown>' is not assignable to parameter of type '{ created_at?: string | null | undefined; discount_type?: string | null | undefined; discount_value?: number | null | undefined; event_id: string; id?: string | undefined; is_vip?: boolean | null | undefined; ... 4 more ...; quantity_sold?: number | ... 1 more ... | undefined; }'.
      Type 'Record<string, unknown>' is missing the following properties from type '{ created_at?: string | null | undefined; discount_type?: string | null | undefined; discount_value?: number | null | undefined; event_id: string; id?: string | undefined; is_vip?: boolean | null | undefined; ... 4 more ...; quantity_sold?: number | ... 1 more ... | undefined; }': event_id, name, quantity
  Overload 2 of 2, '(values: { created_at?: string | null | undefined; discount_type?: string | null | undefined; discount_value?: number | null | undefined; event_id: string; id?: string | undefined; is_vip?: boolean | ... 1 more ... | undefined; ... 4 more ...; quantity_sold?: number | ... 1 more ... | undefined; }[], options?: { ...; } | undefined): PostgrestFilterBuilder<...>', gave the following error.
    Argument of type 'Record<string, unknown>' is not assignable to parameter of type '{ created_at?: string | null | undefined; discount_type?: string | null | undefined; discount_value?: number | null | undefined; event_id: string; id?: string | undefined; is_vip?: boolean | null | undefined; ... 4 more ...; quantity_sold?: number | ... 1 more ... | undefined; }[]'.
      Type 'Record<string, unknown>' is missing the following properties from type '{ created_at?: string | null | undefined; discount_type?: string | null | undefined; discount_value?: number | null | undefined; event_id: string; id?: string | undefined; is_vip?: boolean | null | undefined; ... 4 more ...; quantity_sold?: number | ... 1 more ... | undefined; }[]': length, pop, push, concat, and 35 more.
src/components/events/EventTicketTypes.tsx(183,19): error TS2769: No overload matches this call.
  Overload 1 of 2, '(values: { created_at?: string | null | undefined; discount_type?: string | null | undefined; discount_value?: number | null | undefined; event_id: string; id?: string | undefined; is_vip?: boolean | ... 1 more ... | undefined; ... 4 more ...; quantity_sold?: number | ... 1 more ... | undefined; }, options?: { ...; } | undefined): PostgrestFilterBuilder<...>', gave the following error.
    Argument of type 'Record<string, unknown>' is not assignable to parameter of type '{ created_at?: string | null | undefined; discount_type?: string | null | undefined; discount_value?: number | null | undefined; event_id: string; id?: string | undefined; is_vip?: boolean | null | undefined; ... 4 more ...; quantity_sold?: number | ... 1 more ... | undefined; }'.
      Type 'Record<string, unknown>' is missing the following properties from type '{ created_at?: string | null | undefined; discount_type?: string | null | undefined; discount_value?: number | null | undefined; event_id: string; id?: string | undefined; is_vip?: boolean | null | undefined; ... 4 more ...; quantity_sold?: number | ... 1 more ... | undefined; }': event_id, name, quantity
  Overload 2 of 2, '(values: { created_at?: string | null | undefined; discount_type?: string | null | undefined; discount_value?: number | null | undefined; event_id: string; id?: string | undefined; is_vip?: boolean | ... 1 more ... | undefined; ... 4 more ...; quantity_sold?: number | ... 1 more ... | undefined; }[], options?: { ...; } | undefined): PostgrestFilterBuilder<...>', gave the following error.
    Argument of type 'Record<string, unknown>' is not assignable to parameter of type '{ created_at?: string | null | undefined; discount_type?: string | null | undefined; discount_value?: number | null | undefined; event_id: string; id?: string | undefined; is_vip?: boolean | null | undefined; ... 4 more ...; quantity_sold?: number | ... 1 more ... | undefined; }[]'.
      Type 'Record<string, unknown>' is missing the following properties from type '{ created_at?: string | null | undefined; discount_type?: string | null | undefined; discount_value?: number | null | undefined; event_id: string; id?: string | undefined; is_vip?: boolean | null | undefined; ... 4 more ...; quantity_sold?: number | ... 1 more ... | undefined; }[]': length, pop, push, concat, and 35 more.
src/components/NotificationBell.tsx(23,7): error TS2739: Type '{ guest_signup: { icon: Element; colour: string; dot: string; }; guest_cancellation: { icon: Element; colour: string; dot: string; }; entry_scan: { icon: Element; colour: string; dot: string; }; exit_scan: { ...; }; vendor_payment_due: { ...; }; event_going_live: { ...; }; event_ended: { ...; }; }' is missing the following properties from type 'Record<NotificationType, { icon: ReactNode; colour: string; dot: string; }>': new_registration, eoi_submitted, eoi_approved, eoi_approved_payment_required
src/components/NotificationBell.tsx(128,22): error TS2345: Argument of type '{ body: string; created_at: string; dismissed: boolean; event_id: string | null; id: string; metadata: Json; read: boolean; title: string; type: "guest_signup" | "guest_cancellation" | ... 4 more ... | "event_ended"; user_id: string; }[]' is not assignable to parameter of type 'SetStateAction<Notification[]>'.
  Type '{ body: string; created_at: string; dismissed: boolean; event_id: string | null; id: string; metadata: Json; read: boolean; title: string; type: "guest_signup" | "guest_cancellation" | ... 4 more ... | "event_ended"; user_id: string; }[]' is not assignable to type 'Notification[]'.
    Type '{ body: string; created_at: string; dismissed: boolean; event_id: string | null; id: string; metadata: Json; read: boolean; title: string; type: "guest_signup" | "guest_cancellation" | ... 4 more ... | "event_ended"; user_id: string; }' is not assignable to type 'Notification'.
      Types of property 'metadata' are incompatible.
        Type 'Json' is not assignable to type 'Record<string, unknown>'.
          Type 'null' is not assignable to type 'Record<string, unknown>'.
src/components/settings/PaymentAccountsSection.tsx(64,19): error TS2345: Argument of type '{ account_number: string; account_title: string; account_type: string; bank_name: string | null; created_at: string | null; iban: string | null; id: string; instructions: string | null; is_active: boolean; label: string; organizer_id: string; }[]' is not assignable to parameter of type 'SetStateAction<PaymentAccount[]>'.
  Type '{ account_number: string; account_title: string; account_type: string; bank_name: string | null; created_at: string | null; iban: string | null; id: string; instructions: string | null; is_active: boolean; label: string; organizer_id: string; }[]' is not assignable to type 'PaymentAccount[]'.
    Property 'is_default' is missing in type '{ account_number: string; account_title: string; account_type: string; bank_name: string | null; created_at: string | null; iban: string | null; id: string; instructions: string | null; is_active: boolean; label: string; organizer_id: string; }' but required in type 'PaymentAccount'.
src/components/staff/OrganizerView.tsx(61,19): error TS2345: Argument of type '{ checked_in_at: string | null; checked_out_at: string | null; created_at: string | null; discount_amount: number | null; discount_applied: boolean | null; email: string | null; ... 18 more ...; waitlist_position: number | null; }[]' is not assignable to parameter of type 'SetStateAction<Guest[]>'.
  Type '{ checked_in_at: string | null; checked_out_at: string | null; created_at: string | null; discount_amount: number | null; discount_applied: boolean | null; email: string | null; ... 18 more ...; waitlist_position: number | null; }[]' is not assignable to type 'Guest[]'.
    Property 'ticket_type' is missing in type '{ checked_in_at: string | null; checked_out_at: string | null; created_at: string | null; discount_amount: number | null; discount_applied: boolean | null; email: string | null; ... 18 more ...; waitlist_position: number | null; }' but required in type 'Guest'.
src/components/staff/StaffScanner.tsx(211,17): error TS2345: Argument of type 'SelectQueryError<"column 'ticket_type' does not exist on 'guests'.">[]' is not assignable to parameter of type 'SetStateAction<Guest[]>'.
  Type 'SelectQueryError<"column 'ticket_type' does not exist on 'guests'.">[]' is not assignable to type 'Guest[]'.
    Type '{ error: true; } & String' is missing the following properties from type 'Guest': id, full_name, email, status, and 4 more.
src/components/vendors/VendorsClient.tsx(118,28): error TS2345: Argument of type '(prev: Vendor[]) => (Vendor | { category: string | null; contact_email: string | null; contact_name: string | null; contact_phone: string | null; created_at: string | null; ... 4 more ...; organizer_id: string; })[]' is not assignable to parameter of type 'SetStateAction<Vendor[]>'.
  Type '(prev: Vendor[]) => (Vendor | { category: string | null; contact_email: string | null; contact_name: string | null; contact_phone: string | null; created_at: string | null; ... 4 more ...; organizer_id: string; })[]' is not assignable to type '(prevState: Vendor[]) => Vendor[]'.
    Type '(Vendor | { category: string | null; contact_email: string | null; contact_name: string | null; contact_phone: string | null; created_at: string | null; event_ids: string[] | null; id: string; name: string; notes: string | null; organizer_id: string; })[]' is not assignable to type 'Vendor[]'.
      Type 'Vendor | { category: string | null; contact_email: string | null; contact_name: string | null; contact_phone: string | null; created_at: string | null; event_ids: string[] | null; id: string; name: string; notes: string | null; organizer_id: string; }' is not assignable to type 'Vendor'.
        Type '{ category: string | null; contact_email: string | null; contact_name: string | null; contact_phone: string | null; created_at: string | null; event_ids: string[] | null; id: string; name: string; notes: string | null; organizer_id: string; }' is not assignable to type 'Vendor'.
          Types of property 'category' are incompatible.
            Type 'string | null' is not assignable to type 'string'.
              Type 'null' is not assignable to type 'string'.
src/components/vendors/VendorsClient.tsx(121,28): error TS2345: Argument of type '(prev: Vendor[]) => (Vendor | { category: string | null; contact_email: string | null; contact_name: string | null; contact_phone: string | null; created_at: string | null; ... 4 more ...; organizer_id: string; })[]' is not assignable to parameter of type 'SetStateAction<Vendor[]>'.
  Type '(prev: Vendor[]) => (Vendor | { category: string | null; contact_email: string | null; contact_name: string | null; contact_phone: string | null; created_at: string | null; ... 4 more ...; organizer_id: string; })[]' is not assignable to type '(prevState: Vendor[]) => Vendor[]'.
    Type '(Vendor | { category: string | null; contact_email: string | null; contact_name: string | null; contact_phone: string | null; created_at: string | null; event_ids: string[] | null; id: string; name: string; notes: string | null; organizer_id: string; })[]' is not assignable to type 'Vendor[]'.
      Type 'Vendor | { category: string | null; contact_email: string | null; contact_name: string | null; contact_phone: string | null; created_at: string | null; event_ids: string[] | null; id: string; name: string; notes: string | null; organizer_id: string; }' is not assignable to type 'Vendor'.
        Type '{ category: string | null; contact_email: string | null; contact_name: string | null; contact_phone: string | null; created_at: string | null; event_ids: string[] | null; id: string; name: string; notes: string | null; organizer_id: string; }' is not assignable to type 'Vendor'.
          Types of property 'category' are incompatible.
            Type 'string | null' is not assignable to type 'string'.
              Type 'null' is not assignable to type 'string'.
src/components/vendors/VendorsClient.tsx(164,21): error TS2345: Argument of type '(prev: Invoice[]) => (Invoice | { amount: number; created_at: string | null; currency: string | null; description: string | null; document_url: string | null; due_date: string | null; ... 5 more ...; vendor_id: string; })[]' is not assignable to parameter of type 'SetStateAction<Invoice[]>'.
  Type '(prev: Invoice[]) => (Invoice | { amount: number; created_at: string | null; currency: string | null; description: string | null; document_url: string | null; due_date: string | null; ... 5 more ...; vendor_id: string; })[]' is not assignable to type '(prevState: Invoice[]) => Invoice[]'.
    Type '(Invoice | { amount: number; created_at: string | null; currency: string | null; description: string | null; document_url: string | null; due_date: string | null; event_id: string | null; ... 4 more ...; vendor_id: string; })[]' is not assignable to type 'Invoice[]'.
      Type 'Invoice | { amount: number; created_at: string | null; currency: string | null; description: string | null; document_url: string | null; due_date: string | null; event_id: string | null; ... 4 more ...; vendor_id: string; }' is not assignable to type 'Invoice'.
        Type '{ amount: number; created_at: string | null; currency: string | null; description: string | null; document_url: string | null; due_date: string | null; event_id: string | null; id: string; invoice_number: string | null; paid_at: string | null; status: string; vendor_id: string; }' is not assignable to type 'Invoice'.
          Types of property 'status' are incompatible.
            Type 'string' is not assignable to type '"pending" | "paid" | "cancelled" | "overdue"'.
src/components/vendors/VendorsClient.tsx(175,21): error TS2345: Argument of type '(prev: Invoice[]) => (Invoice | { amount: number; created_at: string | null; currency: string | null; description: string | null; document_url: string | null; due_date: string | null; ... 5 more ...; vendor_id: string; })[]' is not assignable to parameter of type 'SetStateAction<Invoice[]>'.
  Type '(prev: Invoice[]) => (Invoice | { amount: number; created_at: string | null; currency: string | null; description: string | null; document_url: string | null; due_date: string | null; ... 5 more ...; vendor_id: string; })[]' is not assignable to type '(prevState: Invoice[]) => Invoice[]'.
    Type '(Invoice | { amount: number; created_at: string | null; currency: string | null; description: string | null; document_url: string | null; due_date: string | null; event_id: string | null; ... 4 more ...; vendor_id: string; })[]' is not assignable to type 'Invoice[]'.
      Type 'Invoice | { amount: number; created_at: string | null; currency: string | null; description: string | null; document_url: string | null; due_date: string | null; event_id: string | null; ... 4 more ...; vendor_id: string; }' is not assignable to type 'Invoice'.
        Type '{ amount: number; created_at: string | null; currency: string | null; description: string | null; document_url: string | null; due_date: string | null; event_id: string | null; id: string; invoice_number: string | null; paid_at: string | null; status: string; vendor_id: string; }' is not assignable to type 'Invoice'.
          Types of property 'status' are incompatible.
            Type 'string' is not assignable to type '"pending" | "paid" | "cancelled" | "overdue"'.
src/components/vendors/VendorsClient.tsx(193,19): error TS2345: Argument of type '(prev: Invoice[]) => (Invoice | { amount: number; created_at: string | null; currency: string | null; description: string | null; document_url: string | null; due_date: string | null; ... 5 more ...; vendor_id: string; })[]' is not assignable to parameter of type 'SetStateAction<Invoice[]>'.
  Type '(prev: Invoice[]) => (Invoice | { amount: number; created_at: string | null; currency: string | null; description: string | null; document_url: string | null; due_date: string | null; ... 5 more ...; vendor_id: string; })[]' is not assignable to type '(prevState: Invoice[]) => Invoice[]'.
    Type '(Invoice | { amount: number; created_at: string | null; currency: string | null; description: string | null; document_url: string | null; due_date: string | null; event_id: string | null; ... 4 more ...; vendor_id: string; })[]' is not assignable to type 'Invoice[]'.
      Type 'Invoice | { amount: number; created_at: string | null; currency: string | null; description: string | null; document_url: string | null; due_date: string | null; event_id: string | null; ... 4 more ...; vendor_id: string; }' is not assignable to type 'Invoice'.
        Type '{ amount: number; created_at: string | null; currency: string | null; description: string | null; document_url: string | null; due_date: string | null; event_id: string | null; id: string; invoice_number: string | null; paid_at: string | null; status: string; vendor_id: string; }' is not assignable to type 'Invoice'.
          Types of property 'status' are incompatible.
            Type 'string' is not assignable to type '"pending" | "paid" | "cancelled" | "overdue"'.
src/lib/supabase/notifications.ts(8,5): error TS2769: No overload matches this call.
  Overload 2 of 2, '(values: { body: string; created_at?: string | undefined; dismissed?: boolean | undefined; event_id?: string | null | undefined; id?: string | undefined; metadata?: Json | undefined; read?: boolean | undefined; title: string; type: "guest_signup" | ... 5 more ... | "event_ended"; user_id: string; }[], options?: { ...; } | undefined): PostgrestFilterBuilder<...>', gave the following error.
    Object literal may only specify known properties, and 'user_id' does not exist in type '{ body: string; created_at?: string | undefined; dismissed?: boolean | undefined; event_id?: string | null | undefined; id?: string | undefined; metadata?: Json | undefined; read?: boolean | undefined; title: string; type: "guest_signup" | ... 5 more ... | "event_ended"; user_id: string; }[]'.
src/lib/supabase/notifications.ts(22,5): error TS2769: No overload matches this call.
  Overload 1 of 2, '(values: { body: string; created_at?: string | undefined; dismissed?: boolean | undefined; event_id?: string | null | undefined; id?: string | undefined; metadata?: Json | undefined; read?: boolean | undefined; title: string; type: "guest_signup" | ... 5 more ... | "event_ended"; user_id: string; }, options?: { ...; } | undefined): PostgrestFilterBuilder<...>', gave the following error.
    Argument of type '{ user_id: string; event_id: string | null; type: NotificationType; title: string; body: string; metadata: Record<string, unknown>; }[]' is not assignable to parameter of type '{ body: string; created_at?: string | undefined; dismissed?: boolean | undefined; event_id?: string | null | undefined; id?: string | undefined; metadata?: Json | undefined; read?: boolean | undefined; title: string; type: "guest_signup" | ... 5 more ... | "event_ended"; user_id: string; }'.
      Type '{ user_id: string; event_id: string | null; type: NotificationType; title: string; body: string; metadata: Record<string, unknown>; }[]' is missing the following properties from type '{ body: string; created_at?: string | undefined; dismissed?: boolean | undefined; event_id?: string | null | undefined; id?: string | undefined; metadata?: Json | undefined; read?: boolean | undefined; title: string; type: "guest_signup" | ... 5 more ... | "event_ended"; user_id: string; }': body, title, type, user_id
  Overload 2 of 2, '(values: { body: string; created_at?: string | undefined; dismissed?: boolean | undefined; event_id?: string | null | undefined; id?: string | undefined; metadata?: Json | undefined; read?: boolean | undefined; title: string; type: "guest_signup" | ... 5 more ... | "event_ended"; user_id: string; }[], options?: { ...; } | undefined): PostgrestFilterBuilder<...>', gave the following error.
    Argument of type '{ user_id: string; event_id: string | null; type: NotificationType; title: string; body: string; metadata: Record<string, unknown>; }[]' is not assignable to parameter of type '{ body: string; created_at?: string | undefined; dismissed?: boolean | undefined; event_id?: string | null | undefined; id?: string | undefined; metadata?: Json | undefined; read?: boolean | undefined; title: string; type: "guest_signup" | ... 5 more ... | "event_ended"; user_id: string; }[]'.
      Type '{ user_id: string; event_id: string | null; type: NotificationType; title: string; body: string; metadata: Record<string, unknown>; }' is not assignable to type '{ body: string; created_at?: string | undefined; dismissed?: boolean | undefined; event_id?: string | null | undefined; id?: string | undefined; metadata?: Json | undefined; read?: boolean | undefined; title: string; type: "guest_signup" | ... 5 more ... | "event_ended"; user_id: string; }'.
        Types of property 'metadata' are incompatible.
          Type 'Record<string, unknown>' is not assignable to type 'Json | undefined'.
            Type 'Record<string, unknown>' is missing the following properties from type 'Json[]': length, pop, push, concat, and 35 more.
